빌드 시작: 2018-05-10 오후 5:00:12
     1>2 노드의 "C:\Temp\IATLSansu-2015년\ATLSansuServer\ATLSansuServer\ATLSansuServer.vcxproj" 프로젝트(Rebuild 대상)입니다.
     1>Midl:
         C:\Program Files (x86)\Windows Kits\8.1\bin\x86\midl.exe /D _DEBUG /W1 /nologo /char signed /env win32 /Oicf /h "ATLSansuServer_i.h" /iid "ATLSansuServer_i.c" /proxy "ATLSansuServer_p.c" /tlb "Debug\ATLSansuServer.tlb" /robust ATLSansuServer.idl 
         Processing .\ATLSansuServer.idl
         ATLSansuServer.idl
         Processing C:\Program Files (x86)\Windows Kits\8.1\Include\um\oaidl.idl
         oaidl.idl
         Processing C:\Program Files (x86)\Windows Kits\8.1\Include\um\objidl.idl
         objidl.idl
         Processing C:\Program Files (x86)\Windows Kits\8.1\Include\um\unknwn.idl
         unknwn.idl
         Processing C:\Program Files (x86)\Windows Kits\8.1\Include\shared\wtypes.idl
         wtypes.idl
         Processing C:\Program Files (x86)\Windows Kits\8.1\Include\shared\wtypesbase.idl
         wtypesbase.idl
         Processing C:\Program Files (x86)\Windows Kits\8.1\Include\shared\basetsd.h
         basetsd.h
         Processing C:\Program Files (x86)\Windows Kits\8.1\Include\shared\guiddef.h
         guiddef.h
         Processing C:\Program Files (x86)\Windows Kits\8.1\Include\um\ocidl.idl
         ocidl.idl
         Processing C:\Program Files (x86)\Windows Kits\8.1\Include\um\oleidl.idl
         oleidl.idl
         Processing C:\Program Files (x86)\Windows Kits\8.1\Include\um\servprov.idl
         servprov.idl
         Processing C:\Program Files (x86)\Windows Kits\8.1\Include\um\urlmon.idl
         urlmon.idl
         Processing C:\Program Files (x86)\Windows Kits\8.1\Include\um\msxml.idl
         msxml.idl
         Processing C:\Program Files (x86)\Windows Kits\8.1\Include\um\oaidl.acf
         oaidl.acf
         Processing C:\Program Files (x86)\Windows Kits\8.1\Include\um\ocidl.acf
         ocidl.acf
       ClCompile:
         C:\Program Files (x86)\Microsoft Visual Studio 12.0\VC\bin\CL.exe /c /ZI /nologo /W3 /WX- /Od /Oy- /D WIN32 /D _WINDOWS /D _DEBUG /D _USRDLL /D _WINDLL /D _UNICODE /D UNICODE /Gm /EHsc /RTC1 /MDd /GS /fp:precise /Zc:wchar_t /Zc:forScope /Yc"stdafx.h" /Fp"Debug\ATLSansuServer.pch" /Fo"Debug\\" /Fd"Debug\vc120.pdb" /Gd /TP /analyze- /errorReport:prompt stdafx.cpp
         stdafx.cpp
         C:\Program Files (x86)\Microsoft Visual Studio 12.0\VC\bin\CL.exe /c /ZI /nologo /W3 /WX- /Od /Oy- /D WIN32 /D _WINDOWS /D _DEBUG /D _USRDLL /D _WINDLL /D _UNICODE /D UNICODE /Gm /EHsc /RTC1 /MDd /GS /fp:precise /Zc:wchar_t /Zc:forScope /Yu"stdafx.h" /Fp"Debug\ATLSansuServer.pch" /Fo"Debug\\" /Fd"Debug\vc120.pdb" /Gd /TP /analyze- /errorReport:prompt ATLSansu.cpp ATLSansuServer.cpp
         ATLSansuServer.cpp
         ATLSansu.cpp
         코드를 생성하고 있습니다...
         C:\Program Files (x86)\Microsoft Visual Studio 12.0\VC\bin\CL.exe /c /ZI /nologo /W3 /WX- /Od /Oy- /D WIN32 /D _WINDOWS /D _DEBUG /D _USRDLL /D _WINDLL /D _UNICODE /D UNICODE /Gm /EHsc /RTC1 /MDd /GS /fp:precise /Zc:wchar_t /Zc:forScope /Fo"Debug\\" /Fd"Debug\vc120.pdb" /Gd /TP /analyze- /errorReport:prompt dllmain.cpp
         dllmain.cpp
         C:\Program Files (x86)\Microsoft Visual Studio 12.0\VC\bin\CL.exe /c /ZI /nologo /W3 /WX- /Od /Oy- /D WIN32 /D _WINDOWS /D _DEBUG /D _USRDLL /D _WINDLL /D _UNICODE /D UNICODE /Gm /EHsc /RTC1 /MDd /GS /fp:precise /Zc:wchar_t /Zc:forScope /Fo"Debug\\" /Fd"Debug\vc120.pdb" /Gd /TC /analyze- /errorReport:prompt ATLSansuServer_i.c
         ATLSansuServer_i.c
       ResourceCompile:
         C:\Program Files (x86)\Windows Kits\8.1\bin\x86\rc.exe /D _DEBUG /D _UNICODE /D UNICODE /l"0x0412" /IDebug\ /nologo /fo"Debug\ATLSansuServer.res" ATLSansuServer.rc 
       Link:
         C:\Program Files (x86)\Microsoft Visual Studio 12.0\VC\bin\link.exe /ERRORREPORT:PROMPT /OUT:"Debug\ATLSansuServer.dll" /INCREMENTAL /NOLOGO kernel32.lib user32.lib gdi32.lib winspool.lib comdlg32.lib advapi32.lib shell32.lib ole32.lib oleaut32.lib uuid.lib odbc32.lib odbccp32.lib /DEF:".\ATLSansuServer.def" /MANIFEST /MANIFESTUAC:"level='asInvoker' uiAccess='false'" /manifest:embed /DEBUG /PDB:"Debug\ATLSansuServer.pdb" /SUBSYSTEM:WINDOWS /TLBID:1 /DYNAMICBASE /NXCOMPAT /MACHINE:X86 /SAFESEH /DLL Debug\ATLSansuServer.res
         Debug\ATLSansu.obj
         Debug\ATLSansuServer.obj
         Debug\dllmain.obj
         Debug\stdafx.obj
         Debug\ATLSansuServer_i.obj
     1>ATLSansu.obj : warning LNK4075: '/EDITANDCONTINUE'이(가) '/SAFESEH' 사양으로 인해 무시됩니다.
            Debug\ATLSansuServer.lib 라이브러리 및 Debug\ATLSansuServer.exp 개체를 생성하고 있습니다.
         ATLSansuServer.vcxproj -> C:\Temp\IATLSansu-2015년\ATLSansuServer\ATLSansuServer\Debug\ATLSansuServer.dll
       RegisterOutput:
         regsvr32 /s "Debug\ATLSansuServer.dll"
     1>"C:\Temp\IATLSansu-2015년\ATLSansuServer\ATLSansuServer\ATLSansuServer.vcxproj" 프로젝트를 빌드했습니다(Rebuild 대상).

빌드했습니다.

경과 시간: 00:00:07.93
